Build started 2014/07/15 (火) 19:01:06.
     1>Project "E:\Users\idest_000\SkyDrive\IDE\Visual Studio 2010\Projects\bme2chart\bme2chart\bme2chart.vcxproj" on node 2 (build target(s)).
     1>InitializeBuildStatus:
         Creating "Debug\bme2chart.unsuccessfulbuild" because "AlwaysCreate" was specified.
       ClCompile:
         C:\Program Files (x86)\Microsoft Visual Studio 10.0\VC\bin\CL.exe /c /ZI /nologo /W3 /WX- /Od /Oy- /D _MBCS /Gm /EHsc /RTC1 /MDd /GS /fp:precise /Zc:wchar_t /Zc:forScope /Fo"Debug\\" /Fd"Debug\vc100.pdb" /Gd /TP /analyze- /errorReport:prompt bme2chart.cpp
         bme2chart.cpp
     1>e:\users\idest_000\skydrive\ide\visual studio 2010\projects\bme2chart\bme2chart\bme2chart.cpp(144): warning C4018: '<' : signed/unsigned mismatch
     1>e:\users\idest_000\skydrive\ide\visual studio 2010\projects\bme2chart\bme2chart\bme2chart.cpp(175): warning C4244: 'return' : conversion from 'double' to 'int', possible loss of data
     1>e:\users\idest_000\skydrive\ide\visual studio 2010\projects\bme2chart\bme2chart\bme2chart.cpp(179): warning C4244: 'initializing' : conversion from 'double' to 'int', possible loss of data
     1>e:\users\idest_000\skydrive\ide\visual studio 2010\projects\bme2chart\bme2chart\bme2chart.cpp(206): warning C4244: 'initializing' : conversion from 'double' to 'int', possible loss of data
     1>e:\users\idest_000\skydrive\ide\visual studio 2010\projects\bme2chart\bme2chart\bme2chart.cpp(329): warning C4018: '<' : signed/unsigned mismatch
     1>e:\users\idest_000\skydrive\ide\visual studio 2010\projects\bme2chart\bme2chart\bme2chart.cpp(334): warning C4018: '<' : signed/unsigned mismatch
     1>e:\users\idest_000\skydrive\ide\visual studio 2010\projects\bme2chart\bme2chart\bme2chart.cpp(344): warning C4018: '<' : signed/unsigned mismatch
     1>e:\users\idest_000\skydrive\ide\visual studio 2010\projects\bme2chart\bme2chart\bme2chart.cpp(346): warning C4018: '<' : signed/unsigned mismatch
     1>e:\users\idest_000\skydrive\ide\visual studio 2010\projects\bme2chart\bme2chart\bme2chart.cpp(367): warning C4018: '<' : signed/unsigned mismatch
     1>e:\users\idest_000\skydrive\ide\visual studio 2010\projects\bme2chart\bme2chart\bme2chart.cpp(371): warning C4018: '<' : signed/unsigned mismatch
     1>e:\users\idest_000\skydrive\ide\visual studio 2010\projects\bme2chart\bme2chart\bme2chart.cpp(382): warning C4018: '<' : signed/unsigned mismatch
     1>e:\users\idest_000\skydrive\ide\visual studio 2010\projects\bme2chart\bme2chart\bme2chart.cpp(402): warning C4018: '<' : signed/unsigned mismatch
       Link:
         C:\Program Files (x86)\Microsoft Visual Studio 10.0\VC\bin\link.exe /ERRORREPORT:PROMPT /OUT:"E:\Users\idest_000\SkyDrive\IDE\Visual Studio 2010\Projects\bme2chart\Debug\bme2chart.exe" /NOLOGO kernel32.lib user32.lib gdi32.lib winspool.lib comdlg32.lib advapi32.lib shell32.lib ole32.lib oleaut32.lib uuid.lib odbc32.lib odbccp32.lib /MANIFEST /ManifestFile:"Debug\bme2chart.exe.intermediate.manifest" /MANIFESTUAC:"level='asInvoker' uiAccess='false'" /DEBUG /PDB:"E:\Users\idest_000\SkyDrive\IDE\Visual Studio 2010\Projects\bme2chart\Debug\bme2chart.pdb" /TLBID:1 /DYNAMICBASE /NXCOMPAT /IMPLIB:"E:\Users\idest_000\SkyDrive\IDE\Visual Studio 2010\Projects\bme2chart\Debug\bme2chart.lib" /MACHINE:X86 Debug\bme2chart.obj
         LINK : E:\Users\idest_000\SkyDrive\IDE\Visual Studio 2010\Projects\bme2chart\Debug\bme2chart.exe not found or not built by the last incremental link; performing full link
         bme2chart.vcxproj -> E:\Users\idest_000\SkyDrive\IDE\Visual Studio 2010\Projects\bme2chart\Debug\bme2chart.exe
       Manifest:
         C:\Program Files (x86)\Microsoft SDKs\Windows\v7.0A\bin\mt.exe /nologo /verbose /outputresource:"E:\Users\idest_000\SkyDrive\IDE\Visual Studio 2010\Projects\bme2chart\Debug\bme2chart.exe;#1" /manifest Debug\bme2chart.exe.intermediate.manifest
       FinalizeBuildStatus:
         Deleting file "Debug\bme2chart.unsuccessfulbuild".
         Touching "Debug\bme2chart.lastbuildstate".
     1>Done Building Project "E:\Users\idest_000\SkyDrive\IDE\Visual Studio 2010\Projects\bme2chart\bme2chart\bme2chart.vcxproj" (build target(s)).

Build succeeded.

Time Elapsed 00:00:01.04
